生成启动时间为 2020/10/28 9:59:33。
     1>项目“D:\xv\cur_rtl8821c\USB\MP_Win7\MP819x-3\N6_Legacy\MP819xVC.vcxproj”在节点 2 上(Build 个目标)。
       项目文件包含 ToolsVersion="11.0"。此工具集可能未知或缺失。在这种情况下，通过安装 MSBuild 的正确版本，或许可以解决此问题。否则，该 build 可能已因策略原因而被强制为某个特定 ToolsVersion。将该项目视为其已具有 ToolsVersion="4.0"。有关详细信息，请参阅 http://go.microsoft.com/fwlink/?LinkId=291333。
     1>ClCompile:
         D:\Program Files (x86)\Microsoft Visual Studio 11.0\VC\bin\CL.exe /c /I"D:\xv\cur_rtl8821c\USB\MP_Win7\MP819x-3\N6_Legacy\Header" /Z7 /nologo /W3 /WX- /Od /Oy- /D WIN32 /D _DEBUG /D _WINDOWS /D _CRT_SECURE_NO_WARNINGS /D _VC80_UPGRADE=0x0600 /D _MBCS /D _AFXDLL /Gm- /MDd /GS- /Gy- /fp:precise /Zc:wchar_t /Zc:forScope /Yu"stdafx.h" /Fp".\Debug\MP819xVC.pch" /Fo".\Debug\\" /Fd".\Debug\vc110.pdb" /FR".\Debug\\" /Gd /TP /analyze- /errorReport:prompt wt208_vsa.cpp
         wt208_vsa.cpp
     1>D:\Program Files (x86)\Microsoft Visual Studio 11.0\VC\include\xlocale(336): warning C4530: 使用了 C++ 异常处理程序，但未启用展开语义。请指定 /EHsc
     1>wt208_vsa.cpp(84): warning C4101: “ret”: 未引用的局部变量
     1>C:\Program Files (x86)\MSBuild\Microsoft.Cpp\v4.0\V110\Microsoft.CppBuild.targets(1137,5): warning MSB8012: TargetPath(D:\xv\cur_rtl8821c\USB\MP_Win7\MP819x-3\N6_Legacy\Debug\MP819xBVC.exe) does not match the Linker's OutputFile property value (D:\xv\cur_rtl8821c\USB\MP_Win7\MP819x-3\N6_Legacy\bin\MP819xBVC.exe). This may cause your project to build incorrectly. To correct this, please make sure that $(OutDir), $(TargetName) and $(TargetExt) property values match the value specified in %(Link.OutputFile).
       Link:
         D:\Program Files (x86)\Microsoft Visual Studio 11.0\VC\bin\link.exe /ERRORREPORT:PROMPT /OUT:"D:\xv\cur_rtl8821c\USB\MP_Win7\MP819x-3\N6_Legacy\bin\MP819xBVC.exe" /INCREMENTAL /NOLOGO /LIBPATH:"D:\xv\cur_rtl8821c\USB\MP_Win7\MP819x-3\N6_Legacy\\" /LIBPATH:"d:\Program Files (x86)\Visual Leak Detector\lib\Win32" MP_DLL.lib /MANIFEST /MANIFESTUAC:"level='asInvoker' uiAccess='false'" /manifest:embed /manifestinput:"D:\Program Files (x86)\Microsoft Visual Studio 11.0\VC\Include\Manifest\dpiaware.manifest" /DEBUG /PDB:"D:\xv\cur_rtl8821c\USB\MP_Win7\MP819x-3\N6_Legacy\Debug\MP819xBVC.pdb" /SUBSYSTEM:WINDOWS /TLBID:1 /DYNAMICBASE:NO /NXCOMPAT:NO /IMPLIB:"D:\xv\cur_rtl8821c\USB\MP_Win7\MP819x-3\N6_Legacy\Debug\MP819xBVC.lib" /MACHINE:X86 /SAFESEH:NO /SUBSYSTEM:WINDOWS,5.00 /OSVERSION:5.00 .\Debug\MP819xVC.res
         .\Debug\ColorEdit.obj
         .\Debug\ColorStatic.obj
         .\Debug\common.obj
         .\Debug\DevDlg.obj
         .\Debug\Feature.obj
         .\Debug\FlashDlg.obj
         .\Debug\InfoDlg.obj
         .\Debug\IniIO.obj
         .\Debug\MP819xVC.obj
         .\Debug\MP819xVCDlg.obj
         .\Debug\RtlFunc.obj
         .\Debug\StdAfx.obj
         .\Debug\Tab_AdcSample.obj
         .\Debug\Tab_RegDump.obj
         .\Debug\Utility.obj
         .\Debug\wt208_vsa.obj
     1>LINK : warning LNK4010: 子系统版本号 5.00 无效；假定为默认子系统版本
         MP819xVC.vcxproj -> D:\xv\cur_rtl8821c\USB\MP_Win7\MP819x-3\N6_Legacy\Debug\MP819xBVC.exe
     1>已完成生成项目“D:\xv\cur_rtl8821c\USB\MP_Win7\MP819x-3\N6_Legacy\MP819xVC.vcxproj”(Build 个目标)的操作。

生成成功。

已用时间 00:00:01.30
