D:\XV\CUR_RTL8821C\USB\MP_WIN7\MP819X\N6_LEGACY\RELEASE\MP819XVC.BSC
D:\XV\CUR_RTL8821C\USB\MP_WIN7\MP819X\N6_LEGACY\RELEASE\MP819XVC.PCH
D:\XV\CUR_RTL8821C\USB\MP_WIN7\MP819X\N6_LEGACY\RELEASE\STDAFX.SBR
D:\XV\CUR_RTL8821C\USB\MP_WIN7\MP819X\N6_LEGACY\RELEASE\STDAFX.OBJ
D:\XV\CUR_RTL8821C\USB\MP_WIN7\MP819X\N6_LEGACY\RELEASE\VC110.PDB
D:\XV\CUR_RTL8821C\USB\MP_WIN7\MP819X\N6_LEGACY\RELEASE\COLOREDIT.SBR
D:\XV\CUR_RTL8821C\USB\MP_WIN7\MP819X\N6_LEGACY\RELEASE\COLORSTATIC.SBR
D:\XV\CUR_RTL8821C\USB\MP_WIN7\MP819X\N6_LEGACY\RELEASE\DEVDLG.SBR
D:\XV\CUR_RTL8821C\USB\MP_WIN7\MP819X\N6_LEGACY\RELEASE\FEATURE.SBR
D:\XV\CUR_RTL8821C\USB\MP_WIN7\MP819X\N6_LEGACY\RELEASE\FLASHDLG.SBR
D:\XV\CUR_RTL8821C\USB\MP_WIN7\MP819X\N6_LEGACY\RELEASE\INFODLG.SBR
D:\XV\CUR_RTL8821C\USB\MP_WIN7\MP819X\N6_LEGACY\RELEASE\INIIO.SBR
D:\XV\CUR_RTL8821C\USB\MP_WIN7\MP819X\N6_LEGACY\RELEASE\MP819XVC.SBR
D:\XV\CUR_RTL8821C\USB\MP_WIN7\MP819X\N6_LEGACY\RELEASE\MP819XVCDLG.SBR
D:\XV\CUR_RTL8821C\USB\MP_WIN7\MP819X\N6_LEGACY\RELEASE\RTLFUNC.SBR
D:\XV\CUR_RTL8821C\USB\MP_WIN7\MP819X\N6_LEGACY\RELEASE\TAB_ADCSAMPLE.SBR
D:\XV\CUR_RTL8821C\USB\MP_WIN7\MP819X\N6_LEGACY\RELEASE\TAB_REGDUMP.SBR
D:\XV\CUR_RTL8821C\USB\MP_WIN7\MP819X\N6_LEGACY\RELEASE\UTILITY.SBR
D:\XV\CUR_RTL8821C\USB\MP_WIN7\MP819X\N6_LEGACY\RELEASE\UTILITY.OBJ
D:\XV\CUR_RTL8821C\USB\MP_WIN7\MP819X\N6_LEGACY\RELEASE\TAB_REGDUMP.OBJ
D:\XV\CUR_RTL8821C\USB\MP_WIN7\MP819X\N6_LEGACY\RELEASE\TAB_ADCSAMPLE.OBJ
D:\XV\CUR_RTL8821C\USB\MP_WIN7\MP819X\N6_LEGACY\RELEASE\RTLFUNC.OBJ
D:\XV\CUR_RTL8821C\USB\MP_WIN7\MP819X\N6_LEGACY\RELEASE\MP819XVCDLG.OBJ
D:\XV\CUR_RTL8821C\USB\MP_WIN7\MP819X\N6_LEGACY\RELEASE\MP819XVC.OBJ
D:\XV\CUR_RTL8821C\USB\MP_WIN7\MP819X\N6_LEGACY\RELEASE\INIIO.OBJ
D:\XV\CUR_RTL8821C\USB\MP_WIN7\MP819X\N6_LEGACY\RELEASE\INFODLG.OBJ
D:\XV\CUR_RTL8821C\USB\MP_WIN7\MP819X\N6_LEGACY\RELEASE\FLASHDLG.OBJ
D:\XV\CUR_RTL8821C\USB\MP_WIN7\MP819X\N6_LEGACY\RELEASE\FEATURE.OBJ
D:\XV\CUR_RTL8821C\USB\MP_WIN7\MP819X\N6_LEGACY\RELEASE\DEVDLG.OBJ
D:\XV\CUR_RTL8821C\USB\MP_WIN7\MP819X\N6_LEGACY\RELEASE\COLORSTATIC.OBJ
D:\XV\CUR_RTL8821C\USB\MP_WIN7\MP819X\N6_LEGACY\RELEASE\COLOREDIT.OBJ
D:\XV\CUR_RTL8821C\USB\MP_WIN7\MP819X\N6_LEGACY\RELEASE\MP819XVC.ILK
D:\XV\CUR_RTL8821C\USB\MP_WIN7\MP819X\N6_LEGACY\RELEASE\MP819XVC.EXE
D:\XV\CUR_RTL8821C\USB\MP_WIN7\MP819X\N6_LEGACY\RELEASE\MP819XVC.RES
D:\xv\cur_rtl8821c\USB\MP_Win7\MP819x-3\N6_Legacy\Release\ColorEdit.obj
D:\xv\cur_rtl8821c\USB\MP_Win7\MP819x-3\N6_Legacy\Release\ColorStatic.obj
D:\xv\cur_rtl8821c\USB\MP_Win7\MP819x-3\N6_Legacy\Release\DevDlg.obj
D:\xv\cur_rtl8821c\USB\MP_Win7\MP819x-3\N6_Legacy\Release\Feature.obj
D:\xv\cur_rtl8821c\USB\MP_Win7\MP819x-3\N6_Legacy\Release\FlashDlg.obj
D:\xv\cur_rtl8821c\USB\MP_Win7\MP819x-3\N6_Legacy\Release\InfoDlg.obj
D:\xv\cur_rtl8821c\USB\MP_Win7\MP819x-3\N6_Legacy\Release\IniIO.obj
D:\xv\cur_rtl8821c\USB\MP_Win7\MP819x-3\N6_Legacy\Release\MP819xVC.obj
D:\xv\cur_rtl8821c\USB\MP_Win7\MP819x-3\N6_Legacy\Release\MP819xVCDlg.obj
D:\xv\cur_rtl8821c\USB\MP_Win7\MP819x-3\N6_Legacy\Release\RtlFunc.obj
D:\xv\cur_rtl8821c\USB\MP_Win7\MP819x-3\N6_Legacy\Release\StdAfx.obj
D:\xv\cur_rtl8821c\USB\MP_Win7\MP819x-3\N6_Legacy\Release\Tab_AdcSample.obj
D:\xv\cur_rtl8821c\USB\MP_Win7\MP819x-3\N6_Legacy\Release\Tab_RegDump.obj
D:\xv\cur_rtl8821c\USB\MP_Win7\MP819x-3\N6_Legacy\Release\Utility.obj
D:\xv\cur_rtl8821c\USB\MP_Win7\MP819x-3\N6_Legacy\Release\MP819xVC.ilk
D:\xv\cur_rtl8821c\USB\MP_Win7\MP819x-3\N6_Legacy\Release\BscMake.command.1.tlog
D:\xv\cur_rtl8821c\USB\MP_Win7\MP819x-3\N6_Legacy\Release\bscmake.read.1.tlog
D:\xv\cur_rtl8821c\USB\MP_Win7\MP819x-3\N6_Legacy\Release\bscmake.write.1.tlog
D:\xv\cur_rtl8821c\USB\MP_Win7\MP819x-3\N6_Legacy\Release\cl.command.1.tlog
D:\xv\cur_rtl8821c\USB\MP_Win7\MP819x-3\N6_Legacy\Release\CL.read.1.tlog
D:\xv\cur_rtl8821c\USB\MP_Win7\MP819x-3\N6_Legacy\Release\CL.write.1.tlog
D:\xv\cur_rtl8821c\USB\MP_Win7\MP819x-3\N6_Legacy\Release\link-cvtres.read.1.tlog
D:\xv\cur_rtl8821c\USB\MP_Win7\MP819x-3\N6_Legacy\Release\link-cvtres.write.1.tlog
D:\xv\cur_rtl8821c\USB\MP_Win7\MP819x-3\N6_Legacy\Release\link.command.1.tlog
D:\xv\cur_rtl8821c\USB\MP_Win7\MP819x-3\N6_Legacy\Release\link.read.1.tlog
D:\xv\cur_rtl8821c\USB\MP_Win7\MP819x-3\N6_Legacy\Release\link.write.1.tlog
D:\xv\cur_rtl8821c\USB\MP_Win7\MP819x-3\N6_Legacy\Release\rc.command.1.tlog
D:\xv\cur_rtl8821c\USB\MP_Win7\MP819x-3\N6_Legacy\Release\rc.read.1.tlog
D:\xv\cur_rtl8821c\USB\MP_Win7\MP819x-3\N6_Legacy\Release\rc.write.1.tlog
D:\xv\cur_rtl8821c\USB\MP_Win7\MP819x-3\N6_Legacy\Release\MP819xVC.res
D:\xv\cur_rtl8821c\USB\MP_Win7\MP819x-3\N6_Legacy\Release\MP819xVC.pch
D:\xv\cur_rtl8821c\USB\MP_Win7\MP819x-3\N6_Legacy\Release\vc110.pdb
D:\xv\cur_rtl8821c\USB\MP_Win7\MP819x-3\N6_Legacy\Release\MP819xVC.bsc
D:\xv\cur_rtl8821c\USB\MP_Win7\MP819x-3\N6_Legacy\Release\ColorEdit.sbr
D:\xv\cur_rtl8821c\USB\MP_Win7\MP819x-3\N6_Legacy\Release\ColorStatic.sbr
D:\xv\cur_rtl8821c\USB\MP_Win7\MP819x-3\N6_Legacy\Release\DevDlg.sbr
D:\xv\cur_rtl8821c\USB\MP_Win7\MP819x-3\N6_Legacy\Release\Feature.sbr
D:\xv\cur_rtl8821c\USB\MP_Win7\MP819x-3\N6_Legacy\Release\FlashDlg.sbr
D:\xv\cur_rtl8821c\USB\MP_Win7\MP819x-3\N6_Legacy\Release\InfoDlg.sbr
D:\xv\cur_rtl8821c\USB\MP_Win7\MP819x-3\N6_Legacy\Release\IniIO.sbr
D:\xv\cur_rtl8821c\USB\MP_Win7\MP819x-3\N6_Legacy\Release\MP819xVC.sbr
D:\xv\cur_rtl8821c\USB\MP_Win7\MP819x-3\N6_Legacy\Release\MP819xVCDlg.sbr
D:\xv\cur_rtl8821c\USB\MP_Win7\MP819x-3\N6_Legacy\Release\RtlFunc.sbr
D:\xv\cur_rtl8821c\USB\MP_Win7\MP819x-3\N6_Legacy\Release\StdAfx.sbr
D:\xv\cur_rtl8821c\USB\MP_Win7\MP819x-3\N6_Legacy\Release\Tab_AdcSample.sbr
D:\xv\cur_rtl8821c\USB\MP_Win7\MP819x-3\N6_Legacy\Release\Tab_RegDump.sbr
D:\xv\cur_rtl8821c\USB\MP_Win7\MP819x-3\N6_Legacy\Release\Utility.sbr
D:\xv\cur_rtl8821c\USB\MP_Win7\MP819x-3\N6_Legacy\.\Release\MP819xVC.exe
